<?xml version="1.0" encoding="UTF-8"?>
<!-- Generated by org.testng.reporters.JUnitReportReporter -->
<testsuite hostname="Yashoda" failures="0" tests="1" name="amazon_Project1.Project1_Amazon.TestCase2_validcredentials" time="17.602" errors="0" timestamp="2025-01-31T14:18:26 IST" skipped="0">
  <testcase classname="amazon_Project1.Project1_Amazon.TestCase2_validcredentials" name="validcredential" time="17.602"/>
  <system-out/>
</testsuite> <!-- amazon_Project1.Project1_Amazon.TestCase2_validcredentials -->
