<?xml version="1.0" encoding="UTF-8"?>
<!-- Generated by org.testng.reporters.JUnitReportReporter -->
<testsuite hostname="Yashoda" failures="0" tests="1" name="amazon_Project1.Project1_Amazon.TestCase1_Registration" time="18.253" errors="0" timestamp="2025-01-25T16:49:14 IST" skipped="0">
  <testcase classname="amazon_Project1.Project1_Amazon.TestCase1_Registration" name="registartion" time="18.253"/>
  <system-out/>
</testsuite> <!-- amazon_Project1.Project1_Amazon.TestCase1_Registration -->
