<?xml version="1.0" encoding="UTF-8"?>
<!-- Generated by org.testng.reporters.JUnitReportReporter -->
<testsuite hostname="Yashoda" failures="0" tests="1" name="amazon_Project1.Project1_Amazon.TestCase10_Updatingproductandremove" time="59.390" errors="0" timestamp="2025-01-30T21:40:08 IST" skipped="0">
  <testcase classname="amazon_Project1.Project1_Amazon.TestCase10_Updatingproductandremove" name="addtocart_logout" time="59.390"/>
  <system-out/>
</testsuite> <!-- amazon_Project1.Project1_Amazon.TestCase10_Updatingproductandremove -->
