<?xml version="1.0" encoding="UTF-8"?>
<!-- Generated by org.testng.reporters.JUnitReportReporter -->
<testsuite hostname="Yashoda" failures="0" tests="1" name="amazon_Project1.Project1_Amazon.TestCase3_Invalicredentials" time="18.804" errors="0" timestamp="2025-01-31T14:29:39 IST" skipped="0">
  <testcase classname="amazon_Project1.Project1_Amazon.TestCase3_Invalicredentials" name="Invalidcredential" time="18.804"/>
  <system-out/>
</testsuite> <!-- amazon_Project1.Project1_Amazon.TestCase3_Invalicredentials -->
