<?xml version="1.0" encoding="UTF-8"?>
<!-- Generated by org.testng.reporters.JUnitReportReporter -->
<testsuite hostname="Yashoda" failures="0" tests="2" name="amazon_Project1.Project1_Amazon.TestCase2_validcredentials" time="130.471" errors="0" timestamp="2025-02-04T00:00:01 IST" skipped="0">
  <testcase classname="amazon_Project1.Project1_Amazon.TestCase2_validcredentials" name="validcredential" time="39.889">
    <system-out>
      <![CDATA[Testcase passed]]>
    </system-out>
  </testcase> <!-- validcredential -->
  <testcase classname="amazon_Project1.Project1_Amazon.TestCase2_validcredentials" name="validcredential" time="90.582">
    <system-out>
      <![CDATA[Testcase passed]]>
    </system-out>
  </testcase> <!-- validcredential -->
  <system-out>
    <![CDATA[Testcase passed
Testcase passed
Testcase passed
Testcase passed
Testcase passed
Testcase passed
Testcase passed
Testcase passed
Testcase passed
Testcase passed
Testcase passed
Testcase passed
Testcase passed
Testcase passed
Testcase passed
Testcase passed
result is failed for test=validcredential
result is failed for test=SortProduct
result is failed for test=Invalidcredential
result is failed for test=search_product
Testcase passed
result is failed for test=search_product
result is failed for test=payment
result is failed for test=addtocart_logout
result is failed for test=login_cart_logout1
result is failed for test=prodcutdetailpage]]>
  </system-out>
</testsuite> <!-- amazon_Project1.Project1_Amazon.TestCase2_validcredentials -->
