<?xml version="1.0" encoding="UTF-8"?>
<!-- Generated by org.testng.reporters.JUnitReportReporter -->
<testsuite hostname="Yashoda" failures="0" tests="2" name="amazon_Project1.Project1_Amazon.TestCase9_AddtoCart" time="146.784" errors="0" timestamp="2025-01-30T22:17:50 IST" skipped="0">
  <testcase classname="amazon_Project1.Project1_Amazon.TestCase9_AddtoCart" name="Addtocart" time="109.583">
    <system-out>
      <![CDATA[Testcase passed]]>
    </system-out>
  </testcase> <!-- Addtocart -->
  <testcase classname="amazon_Project1.Project1_Amazon.TestCase9_AddtoCart" name="Addtocart" time="37.201">
    <system-out>
      <![CDATA[Testcase passed]]>
    </system-out>
  </testcase> <!-- Addtocart -->
  <system-out>
    <![CDATA[Testcase passed
Testcase passed
Testcase passed
Failed Testcaes
Failed Testcaes
Testcase passed
Testcase passed
Testcase passed
Testcase passed
Failed Testcaes
Testcase passed
Testcase passed
Testcase passed
Testcase passed
Testcase passed
Testcase passed
Testcase passed
Testcase passed
Testcase passed
Testcase passed
Testcase passed
Testcase passed
Testcase passed
Testcase passed
Testcase passed
Testcase passed]]>
  </system-out>
</testsuite> <!-- amazon_Project1.Project1_Amazon.TestCase9_AddtoCart -->
